<?xml version="1.0" encoding="utf-8"?><testsuites name="pytest tests"><testsuite name="pytest" errors="0" failures="1" skipped="0" tests="29" time="3.889" timestamp="2026-02-19T09:27:39.614147+00:00" hostname="agent-env-20ebfe33-d91f-4f95-9485-c1ccb342c3bb"><testcase classname="tests.test_arar_backend.TestHealthEndpoints" name="test_root_health" time="0.190" /><testcase classname="tests.test_arar_backend.TestAdminAuth" name="test_admin_login_success" time="0.302" /><testcase classname="tests.test_arar_backend.TestAdminAuth" name="test_admin_login_wrong_password" time="0.271" /><testcase classname="tests.test_arar_backend.TestAdminAuth" name="test_admin_login_wrong_email" time="0.049" /><testcase classname="tests.test_arar_backend.TestAdminAuth" name="test_admin_me_with_valid_token" time="0.323" /><testcase classname="tests.test_arar_backend.TestAdminAuth" name="test_admin_me_without_token" time="0.132" /><testcase classname="tests.test_arar_backend.TestAdminProducts" name="test_get_all_products" time="0.050" /><testcase classname="tests.test_arar_backend.TestAdminProducts" name="test_create_product" time="0.055" /><testcase classname="tests.test_arar_backend.TestAdminProducts" name="test_get_single_product" time="0.098" /><testcase classname="tests.test_arar_backend.TestAdminProducts" name="test_update_product" time="0.100" /><testcase classname="tests.test_arar_backend.TestAdminProducts" name="test_update_product_not_found" time="0.048" /><testcase classname="tests.test_arar_backend.TestAdminProducts" name="test_delete_product_not_found" time="0.054" /><testcase classname="tests.test_arar_backend.TestAdminCollections" name="test_get_all_collections" time="0.052" /><testcase classname="tests.test_arar_backend.TestAdminCollections" name="test_create_collection" time="0.068" /><testcase classname="tests.test_arar_backend.TestAdminOrders" name="test_get_all_orders" time="0.052" /><testcase classname="tests.test_arar_backend.TestAdminOrders" name="test_get_orders_with_status_filter" time="0.049" /><testcase classname="tests.test_arar_backend.TestPublicAPI" name="test_get_published_fragrances" time="0.046" /><testcase classname="tests.test_arar_backend.TestPublicAPI" name="test_get_single_fragrance" time="0.107" /><testcase classname="tests.test_arar_backend.TestPublicAPI" name="test_get_fragrance_not_found" time="0.045" /><testcase classname="tests.test_arar_backend.TestPublicAPI" name="test_newsletter_subscription" time="0.049" /><testcase classname="tests.test_arar_backend.TestPublicAPI" name="test_newsletter_duplicate_subscription" time="0.377" /><testcase classname="tests.test_arar_backend.TestPublicAPI" name="test_contact_form" time="0.050" /><testcase classname="tests.test_arar_backend.TestPublicAPI" name="test_contact_form_invalid_email" time="0.052" /><testcase classname="tests.test_arar_backend.TestCheckout" name="test_create_checkout_session" time="0.638" /><testcase classname="tests.test_arar_backend.TestCheckout" name="test_create_checkout_session_product_not_found" time="0.046" /><testcase classname="tests.test_arar_backend.TestCheckout" name="test_checkout_status_endpoint" time="0.232"><failure message="AssertionError: Unexpected status: 520&#10;assert 520 in [200, 400, 500]&#10; +  where 520 = &lt;Response [520]&gt;.status_code">tests/test_arar_backend.py:465: in test_checkout_status_endpoint
    assert response.status_code in [200, 400, 500], f"Unexpected status: {response.status_code}"
E   AssertionError: Unexpected status: 520
E   assert 520 in [200, 400, 500]
E    +  where 520 = &lt;Response [520]&gt;.status_code</failure></testcase><testcase classname="tests.test_arar_backend.TestCheckout" name="test_webhook_endpoint_exists" time="0.044" /><testcase classname="tests.test_arar_backend.TestCleanup" name="test_cleanup_test_products" time="0.109" /><testcase classname="tests.test_arar_backend.TestCleanup" name="test_cleanup_test_collections" time="0.099" /></testsuite></testsuites>